CWE369_Divide_by_Zero__float_fgets_61a.c********BAD*********
******CWE369_Divide_by_Zero__float_fgets_61_bad
CWE369_Divide_by_Zero__float_fgets_61a.c********GOOD*********
****** a goodB2G
# linha float CWE369_Divide_by_Zero__float_fgets_61b_badSource(float data);
# linha float CWE369_Divide_by_Zero__float_fgets_61b_goodG2BSource(float data);
# linha float CWE369_Divide_by_Zero__float_fgets_61b_goodB2GSource(float data);
################ 
ML - float CWE369_Divide_by_Zero__float_fgets_61b_badSource(float data)
ML - float CWE369_Divide_by_Zero__float_fgets_61b_goodG2BSource(float data)
ML - float CWE369_Divide_by_Zero__float_fgets_61b_goodB2GSource(float data)
**** Compile command: gcc /home/raphael/DOCFILES/DoctoralFiles/WeaknessesTestingTool/wtt_juliet/Files/testers/tester_wtt_CWE369_good_rtc.c -I/home/raphael/DOCFILES/DoctoralFiles/Juliet/C1.2/testcasesupport -Wl,--wrap=fgets,--wrap=CWE369_Divide_by_Zero__float_fgets_61b_badSource,--wrap=CWE369_Divide_by_Zero__float_fgets_61b_goodG2BSource,--wrap=CWE369_Divide_by_Zero__float_fgets_61b_goodB2GSource -lcmocka -o good_a.out
ML - float CWE369_Divide_by_Zero__float_fgets_61b_badSource(float data)
ML - float CWE369_Divide_by_Zero__float_fgets_61b_goodG2BSource(float data)
ML - float CWE369_Divide_by_Zero__float_fgets_61b_goodB2GSource(float data)
**** Compile command: gcc /home/raphael/DOCFILES/DoctoralFiles/WeaknessesTestingTool/wtt_juliet/Files/testers/tester_wtt_CWE369_bad_rtc.c -I/home/raphael/DOCFILES/DoctoralFiles/Juliet/C1.2/testcasesupport -Wl,--wrap=fgets,--wrap=CWE369_Divide_by_Zero__float_fgets_61b_badSource,--wrap=CWE369_Divide_by_Zero__float_fgets_61b_goodG2BSource,--wrap=CWE369_Divide_by_Zero__float_fgets_61b_goodB2GSource -lcmocka -o bad_a.out
ML - float CWE369_Divide_by_Zero__float_fgets_61b_badSource(float data)
ML - float CWE369_Divide_by_Zero__float_fgets_61b_goodG2BSource(float data)
ML - float CWE369_Divide_by_Zero__float_fgets_61b_goodB2GSource(float data)
**** Compile command: afl-gcc /home/raphael/DOCFILES/DoctoralFiles/WeaknessesTestingTool/wtt_juliet/Files/testers/tester_wtt_CWE369_bad_ft.c -I/home/raphael/DOCFILES/DoctoralFiles/Juliet/C1.2/testcasesupport -Wl,--wrap=fgets,--wrap=CWE369_Divide_by_Zero__float_fgets_61b_badSource,--wrap=CWE369_Divide_by_Zero__float_fgets_61b_goodG2BSource,--wrap=CWE369_Divide_by_Zero__float_fgets_61b_goodB2GSource -lcmocka -o fuzz_bad
ML - float CWE369_Divide_by_Zero__float_fgets_61b_badSource(float data)
ML - float CWE369_Divide_by_Zero__float_fgets_61b_goodG2BSource(float data)
ML - float CWE369_Divide_by_Zero__float_fgets_61b_goodB2GSource(float data)
**** Compile command: afl-gcc /home/raphael/DOCFILES/DoctoralFiles/WeaknessesTestingTool/wtt_juliet/Files/testers/tester_wtt_CWE369_good_ft.c -I/home/raphael/DOCFILES/DoctoralFiles/Juliet/C1.2/testcasesupport -Wl,--wrap=fgets,--wrap=CWE369_Divide_by_Zero__float_fgets_61b_badSource,--wrap=CWE369_Divide_by_Zero__float_fgets_61b_goodG2BSource,--wrap=CWE369_Divide_by_Zero__float_fgets_61b_goodB2GSource -lcmocka -o fuzz_good
